[Fri Mar 29 22:15:10.220194 2024] [mpm_winnt:notice] [pid 5128:tid 464] AH00455: Apache/2.4.54 (Win64) OpenSSL/1.1.1p PHP/8.1.10 configured -- resuming normal operations
[Fri Mar 29 22:15:10.220194 2024] [mpm_winnt:notice] [pid 5128:tid 464] AH00456: Apache Lounge VS16 Server built: Jun 22 2022 09:58:15
[Fri Mar 29 22:15:10.220194 2024] [core:notice] [pid 5128:tid 464] AH00094: Command line: 'D:\\Documents\\laragon\\bin\\apache\\httpd-2.4.54-win64-VS16\\bin\\httpd -d D:/Documents/laragon/bin/apache/httpd-2.4.54-win64-VS16'
[Fri Mar 29 22:15:10.226643 2024] [mpm_winnt:notice] [pid 5128:tid 464] AH00418: Parent: Created child process 10424
Apache server interrupted...
024] [mpm_winnt:notice] [pid 10424:tid 468] AH00354: Child: Starting 64 worker threads.
[Fri Mar 29 22:16:50.065620 2024] [mpm_winnt:notice] [pid 5128:tid 464] AH00422: Parent: Received shutdown signal -- Shutting down the server.
Apache server interrupted...
[Fri Mar 29 22:17:03.825633 2024] [core:warn] [pid 11296:tid 472] AH00098: pid file D:/Documents/laragon/bin/apache/httpd-2.4.54-win64-VS16/logs/httpd.pid overwritten -- Unclean shutdown of previous Apache run?
[Fri Mar 29 22:17:03.882177 2024] [mpm_winnt:notice] [pid 11296:tid 472] AH00455: Apache/2.4.54 (Win64) OpenSSL/1.1.1p PHP/8.1.10 configured -- resuming normal operations
[Fri Mar 29 22:17:03.882177 2024] [mpm_winnt:notice] [pid 11296:tid 472] AH00456: Apache Lounge VS16 Server built: Jun 22 2022 09:58:15
[Fri Mar 29 22:17:03.882177 2024] [core:notice] [pid 11296:tid 472] AH00094: Command line: 'D:\\Documents\\laragon\\bin\\apache\\httpd-2.4.54-win64-VS16\\bin\\httpd -d D:/Documents/laragon/bin/apache/httpd-2.4.54-win64-VS16'
[Fri Mar 29 22:17:03.886643 2024] [mpm_winnt:notice] [pid 11296:tid 472] AH00418: Parent: Created child process 11388
Apache server restarting...
2024] [mpm_winnt:notice] [pid 11388:tid 496] AH00354: Child: Starting 64 worker threads.
[Fri Mar 29 22:18:56.546836 2024] [mpm_winnt:notice] [pid 11296:tid 472] AH00424: Parent: Received restart signal -- Restarting the server.
[Fri Mar 29 22:18:56.639090 2024] [mpm_winnt:notice] [pid 11296:tid 472] AH00455: Apache/2.4.54 (Win64) OpenSSL/1.1.1p PHP/8.1.10 configured -- resuming normal operations
[Fri Mar 29 22:18:56.639090 2024] [mpm_winnt:notice] [pid 11296:tid 472] AH00456: Apache Lounge VS16 Server built: Jun 22 2022 09:58:15
[Fri Mar 29 22:18:56.639090 2024] [core:notice] [pid 11296:tid 472] AH00094: Command line: 'D:\\Documents\\laragon\\bin\\apache\\httpd-2.4.54-win64-VS16\\bin\\httpd -d D:/Documents/laragon/bin/apache/httpd-2.4.54-win64-VS16'
[Fri Mar 29 22:18:56.642563 2024] [mpm_winnt:notice] [pid 11296:tid 472] AH00418: Parent: Created child process 5300
[Fri Mar 29 22:18:57.547762 2024] [mpm_winnt:notice] [pid 5300:tid 484] AH00354: Child: Starting 64 worker threads.
[Fri Mar 29 22:18:58.553651 2024] [mpm_winnt:notice] [pid 11388:tid 496] AH00364: Child: All worker threads have exited.
[Sat Mar 30 12:24:10.646638 2024] [core:warn] [pid 11104:tid 484] AH00098: pid file D:/Documents/laragon/bin/apache/httpd-2.4.54-win64-VS16/logs/httpd.pid overwritten -- Unclean shutdown of previous Apache run?
[Sat Mar 30 12:24:10.827184 2024] [mpm_winnt:notice] [pid 11104:tid 484] AH00455: Apache/2.4.54 (Win64) OpenSSL/1.1.1p PHP/8.1.10 configured -- resuming normal operations
[Sat Mar 30 12:24:10.827184 2024] [mpm_winnt:notice] [pid 11104:tid 484] AH00456: Apache Lounge VS16 Server built: Jun 22 2022 09:58:15
[Sat Mar 30 12:24:10.827184 2024] [core:notice] [pid 11104:tid 484] AH00094: Command line: 'D:\\Documents\\laragon\\bin\\apache\\httpd-2.4.54-win64-VS16\\bin\\httpd -d D:/Documents/laragon/bin/apache/httpd-2.4.54-win64-VS16'
[Sat Mar 30 12:24:10.835612 2024] [mpm_winnt:notice] [pid 11104:tid 484] AH00418: Parent: Created child process 7196
Apache server interrupted...
024] [mpm_winnt:notice] [pid 7196:tid 516] AH00354: Child: Starting 64 worker threads.
[Sat Mar 30 13:07:26.486937 2024] [access_compat:error] [pid 7196:tid 1212] [client 127.0.0.1:56000] AH01797: client denied by server configuration: D:/Documents/laragon/www/HQ-STORE/wp-content/uploads/woocommerce_uploads/
'gs' is not recognized as an internal or external command,
operable program or batch file.
[Sat Mar 30 14:52:11.237067 2024] [mpm_winnt:notice] [pid 11104:tid 484] AH00422: Parent: Received shutdown signal -- Shutting down the server.
[Sat Mar 30 14:52:13.241896 2024] [mpm_winnt:notice] [pid 7196:tid 516] AH00364: Child: All worker threads have exited.
[Sat Mar 30 15:30:24.866759 2024] [core:warn] [pid 2104:tid 472] AH00098: pid file D:/Documents/laragon/bin/apache/httpd-2.4.54-win64-VS16/logs/httpd.pid overwritten -- Unclean shutdown of previous Apache run?
[Sat Mar 30 15:30:24.938183 2024] [mpm_winnt:notice] [pid 2104:tid 472] AH00455: Apache/2.4.54 (Win64) OpenSSL/1.1.1p PHP/8.1.10 configured -- resuming normal operations
[Sat Mar 30 15:30:24.938183 2024] [mpm_winnt:notice] [pid 2104:tid 472] AH00456: Apache Lounge VS16 Server built: Jun 22 2022 09:58:15
[Sat Mar 30 15:30:24.938183 2024] [core:notice] [pid 2104:tid 472] AH00094: Command line: 'D:\\Documents\\laragon\\bin\\apache\\httpd-2.4.54-win64-VS16\\bin\\httpd -d D:/Documents/laragon/bin/apache/httpd-2.4.54-win64-VS16'
[Sat Mar 30 15:30:24.944632 2024] [mpm_winnt:notice] [pid 2104:tid 472] AH00418: Parent: Created child process 11772
[Sat Mar 30 15:30:25.574054 2024] [mpm_winnt:notice] [pid 11772:tid 484] AH00354: Child: Starting 64 worker threads.
[Sun Mar 31 18:04:25.827674 2024] [core:warn] [pid 8268:tid 148] AH00098: pid file D:/Documents/laragon/bin/apache/httpd-2.4.54-win64-VS16/logs/httpd.pid overwritten -- Unclean shutdown of previous Apache run?
[Sun Mar 31 18:04:26.508205 2024] [mpm_winnt:notice] [pid 8268:tid 148] AH00455: Apache/2.4.54 (Win64) OpenSSL/1.1.1p PHP/8.1.10 configured -- resuming normal operations
[Sun Mar 31 18:04:26.508205 2024] [mpm_winnt:notice] [pid 8268:tid 148] AH00456: Apache Lounge VS16 Server built: Jun 22 2022 09:58:15
[Sun Mar 31 18:04:26.508205 2024] [core:notice] [pid 8268:tid 148] AH00094: Command line: 'D:\\Documents\\laragon\\bin\\apache\\httpd-2.4.54-win64-VS16\\bin\\httpd -d D:/Documents/laragon/bin/apache/httpd-2.4.54-win64-VS16'
[Sun Mar 31 18:04:26.514155 2024] [mpm_winnt:notice] [pid 8268:tid 148] AH00418: Parent: Created child process 14160
[Sun Mar 31 18:04:27.283947 2024] [mpm_winnt:notice] [pid 14160:tid 476] AH00354: Child: Starting 64 worker threads.
[Mon Apr 01 09:09:02.474361 2024] [core:warn] [pid 12168:tid 488] AH00098: pid file D:/Documents/laragon/bin/apache/httpd-2.4.54-win64-VS16/logs/httpd.pid overwritten -- Unclean shutdown of previous Apache run?
[Mon Apr 01 09:09:02.550746 2024] [mpm_winnt:notice] [pid 12168:tid 488] AH00455: Apache/2.4.54 (Win64) OpenSSL/1.1.1p PHP/8.1.10 configured -- resuming normal operations
[Mon Apr 01 09:09:02.550746 2024] [mpm_winnt:notice] [pid 12168:tid 488] AH00456: Apache Lounge VS16 Server built: Jun 22 2022 09:58:15
[Mon Apr 01 09:09:02.550746 2024] [core:notice] [pid 12168:tid 488] AH00094: Command line: 'D:\\Documents\\laragon\\bin\\apache\\httpd-2.4.54-win64-VS16\\bin\\httpd -d D:/Documents/laragon/bin/apache/httpd-2.4.54-win64-VS16'
[Mon Apr 01 09:09:02.555707 2024] [mpm_winnt:notice] [pid 12168:tid 488] AH00418: Parent: Created child process 7564
Apache server interrupted...
024] [mpm_winnt:notice] [pid 7564:tid 476] AH00354: Child: Starting 64 worker threads.
[Mon Apr 01 10:57:36.132859 2024] [mpm_winnt:notice] [pid 12168:tid 488] AH00422: Parent: Received shutdown signal -- Shutting down the server.
[Mon Apr 01 10:57:38.155545 2024] [mpm_winnt:notice] [pid 7564:tid 476] AH00364: Child: All worker threads have exited.
[Mon Apr 01 13:56:02.007488 2024] [core:warn] [pid 13552:tid 512] AH00098: pid file D:/Documents/laragon/bin/apache/httpd-2.4.54-win64-VS16/logs/httpd.pid overwritten -- Unclean shutdown of previous Apache run?
[Mon Apr 01 13:56:02.724208 2024] [mpm_winnt:notice] [pid 13552:tid 512] AH00455: Apache/2.4.54 (Win64) OpenSSL/1.1.1p PHP/8.1.10 configured -- resuming normal operations
[Mon Apr 01 13:56:02.724208 2024] [mpm_winnt:notice] [pid 13552:tid 512] AH00456: Apache Lounge VS16 Server built: Jun 22 2022 09:58:15
[Mon Apr 01 13:56:02.724208 2024] [core:notice] [pid 13552:tid 512] AH00094: Command line: 'D:\\Documents\\laragon\\bin\\apache\\httpd-2.4.54-win64-VS16\\bin\\httpd -d D:/Documents/laragon/bin/apache/httpd-2.4.54-win64-VS16'
[Mon Apr 01 13:56:02.729665 2024] [mpm_winnt:notice] [pid 13552:tid 512] AH00418: Parent: Created child process 13496
[Mon Apr 01 13:56:03.371983 2024] [mpm_winnt:notice] [pid 13496:tid 476] AH00354: Child: Starting 64 worker threads.
[Mon Apr 01 19:25:38.996929 2024] [core:warn] [pid 11632:tid 180] AH00098: pid file D:/Documents/laragon/bin/apache/httpd-2.4.54-win64-VS16/logs/httpd.pid overwritten -- Unclean shutdown of previous Apache run?
[Mon Apr 01 19:25:40.601489 2024] [mpm_winnt:notice] [pid 11632:tid 180] AH00455: Apache/2.4.54 (Win64) OpenSSL/1.1.1p PHP/8.1.10 configured -- resuming normal operations
[Mon Apr 01 19:25:40.601489 2024] [mpm_winnt:notice] [pid 11632:tid 180] AH00456: Apache Lounge VS16 Server built: Jun 22 2022 09:58:15
[Mon Apr 01 19:25:40.601489 2024] [core:notice] [pid 11632:tid 180] AH00094: Command line: 'D:\\Documents\\laragon\\bin\\apache\\httpd-2.4.54-win64-VS16\\bin\\httpd -d D:/Documents/laragon/bin/apache/httpd-2.4.54-win64-VS16'
[Mon Apr 01 19:25:40.610416 2024] [mpm_winnt:notice] [pid 11632:tid 180] AH00418: Parent: Created child process 10712
[Mon Apr 01 19:25:42.701551 2024] [mpm_winnt:notice] [pid 10712:tid 512] AH00354: Child: Starting 64 worker threads.
[Tue Apr 02 09:46:15.460982 2024] [core:warn] [pid 7860:tid 472] AH00098: pid file D:/Documents/laragon/bin/apache/httpd-2.4.54-win64-VS16/logs/httpd.pid overwritten -- Unclean shutdown of previous Apache run?
[Tue Apr 02 09:46:15.647356 2024] [mpm_winnt:notice] [pid 7860:tid 472] AH00455: Apache/2.4.54 (Win64) OpenSSL/1.1.1p PHP/8.1.10 configured -- resuming normal operations
[Tue Apr 02 09:46:15.647356 2024] [mpm_winnt:notice] [pid 7860:tid 472] AH00456: Apache Lounge VS16 Server built: Jun 22 2022 09:58:15
[Tue Apr 02 09:46:15.647356 2024] [core:notice] [pid 7860:tid 472] AH00094: Command line: 'D:\\Documents\\laragon\\bin\\apache\\httpd-2.4.54-win64-VS16\\bin\\httpd -d D:/Documents/laragon/bin/apache/httpd-2.4.54-win64-VS16'
[Tue Apr 02 09:46:15.653464 2024] [mpm_winnt:notice] [pid 7860:tid 472] AH00418: Parent: Created child process 13588
Apache server interrupted...
024] [mpm_winnt:notice] [pid 13588:tid 484] AH00354: Child: Starting 64 worker threads.
[Tue Apr 02 13:29:36.507678 2024] [mpm_winnt:notice] [pid 7860:tid 472] AH00422: Parent: Received shutdown signal -- Shutting down the server.
[Tue Apr 02 13:29:38.518405 2024] [mpm_winnt:notice] [pid 13588:tid 484] AH00364: Child: All worker threads have exited.
[Tue Apr 02 15:58:31.349824 2024] [core:warn] [pid 13044:tid 472] AH00098: pid file D:/Documents/laragon/bin/apache/httpd-2.4.54-win64-VS16/logs/httpd.pid overwritten -- Unclean shutdown of previous Apache run?
[Tue Apr 02 15:58:31.420752 2024] [mpm_winnt:notice] [pid 13044:tid 472] AH00455: Apache/2.4.54 (Win64) OpenSSL/1.1.1p PHP/8.1.10 configured -- resuming normal operations
[Tue Apr 02 15:58:31.420752 2024] [mpm_winnt:notice] [pid 13044:tid 472] AH00456: Apache Lounge VS16 Server built: Jun 22 2022 09:58:15
[Tue Apr 02 15:58:31.420752 2024] [core:notice] [pid 13044:tid 472] AH00094: Command line: 'D:\\Documents\\laragon\\bin\\apache\\httpd-2.4.54-win64-VS16\\bin\\httpd -d D:/Documents/laragon/bin/apache/httpd-2.4.54-win64-VS16'
[Tue Apr 02 15:58:31.424721 2024] [mpm_winnt:notice] [pid 13044:tid 472] AH00418: Parent: Created child process 11936
[Tue Apr 02 15:58:32.261087 2024] [mpm_winnt:notice] [pid 11936:tid 476] AH00354: Child: Starting 64 worker threads.
[Wed Apr 03 11:48:28.979497 2024] [core:warn] [pid 1980:tid 492] AH00098: pid file D:/Documents/laragon/bin/apache/httpd-2.4.54-win64-VS16/logs/httpd.pid overwritten -- Unclean shutdown of previous Apache run?
[Wed Apr 03 11:48:29.717535 2024] [mpm_winnt:notice] [pid 1980:tid 492] AH00455: Apache/2.4.54 (Win64) OpenSSL/1.1.1p PHP/8.1.10 configured -- resuming normal operations
[Wed Apr 03 11:48:29.718032 2024] [mpm_winnt:notice] [pid 1980:tid 492] AH00456: Apache Lounge VS16 Server built: Jun 22 2022 09:58:15
[Wed Apr 03 11:48:29.718032 2024] [core:notice] [pid 1980:tid 492] AH00094: Command line: 'D:\\Documents\\laragon\\bin\\apache\\httpd-2.4.54-win64-VS16\\bin\\httpd -d D:/Documents/laragon/bin/apache/httpd-2.4.54-win64-VS16'
[Wed Apr 03 11:48:29.725970 2024] [mpm_winnt:notice] [pid 1980:tid 492] AH00418: Parent: Created child process 13468
[Wed Apr 03 11:48:30.556429 2024] [mpm_winnt:notice] [pid 13468:tid 476] AH00354: Child: Starting 64 worker threads.
[Fri Apr 05 07:15:10.896614 2024] [core:warn] [pid 7560:tid 472] AH00098: pid file D:/Documents/laragon/bin/apache/httpd-2.4.54-win64-VS16/logs/httpd.pid overwritten -- Unclean shutdown of previous Apache run?
[Fri Apr 05 07:15:11.958549 2024] [mpm_winnt:notice] [pid 7560:tid 472] AH00455: Apache/2.4.54 (Win64) OpenSSL/1.1.1p PHP/8.1.10 configured -- resuming normal operations
[Fri Apr 05 07:15:11.958549 2024] [mpm_winnt:notice] [pid 7560:tid 472] AH00456: Apache Lounge VS16 Server built: Jun 22 2022 09:58:15
[Fri Apr 05 07:15:11.958549 2024] [core:notice] [pid 7560:tid 472] AH00094: Command line: 'D:\\Documents\\laragon\\bin\\apache\\httpd-2.4.54-win64-VS16\\bin\\httpd -d D:/Documents/laragon/bin/apache/httpd-2.4.54-win64-VS16'
[Fri Apr 05 07:15:11.964998 2024] [mpm_winnt:notice] [pid 7560:tid 472] AH00418: Parent: Created child process 12916
[Fri Apr 05 07:15:13.426212 2024] [mpm_winnt:notice] [pid 12916:tid 488] AH00354: Child: Starting 64 worker threads.
[Fri Apr 05 13:59:18.184626 2024] [core:warn] [pid 7088:tid 472] AH00098: pid file D:/Documents/laragon/bin/apache/httpd-2.4.54-win64-VS16/logs/httpd.pid overwritten -- Unclean shutdown of previous Apache run?
[Fri Apr 05 13:59:19.155794 2024] [mpm_winnt:notice] [pid 7088:tid 472] AH00455: Apache/2.4.54 (Win64) OpenSSL/1.1.1p PHP/8.1.10 configured -- resuming normal operations
[Fri Apr 05 13:59:19.155794 2024] [mpm_winnt:notice] [pid 7088:tid 472] AH00456: Apache Lounge VS16 Server built: Jun 22 2022 09:58:15
[Fri Apr 05 13:59:19.155794 2024] [core:notice] [pid 7088:tid 472] AH00094: Command line: 'D:\\Documents\\laragon\\bin\\apache\\httpd-2.4.54-win64-VS16\\bin\\httpd -d D:/Documents/laragon/bin/apache/httpd-2.4.54-win64-VS16'
[Fri Apr 05 13:59:19.160755 2024] [mpm_winnt:notice] [pid 7088:tid 472] AH00418: Parent: Created child process 3008
[Fri Apr 05 13:59:20.429025 2024] [mpm_winnt:notice] [pid 3008:tid 508] AH00354: Child: Starting 64 worker threads.
[Sun Apr 07 17:24:03.148461 2024] [core:warn] [pid 10832:tid 472] AH00098: pid file D:/Documents/laragon/bin/apache/httpd-2.4.54-win64-VS16/logs/httpd.pid overwritten -- Unclean shutdown of previous Apache run?
[Sun Apr 07 17:24:03.949715 2024] [mpm_winnt:notice] [pid 10832:tid 472] AH00455: Apache/2.4.54 (Win64) OpenSSL/1.1.1p PHP/8.1.10 configured -- resuming normal operations
[Sun Apr 07 17:24:03.950212 2024] [mpm_winnt:notice] [pid 10832:tid 472] AH00456: Apache Lounge VS16 Server built: Jun 22 2022 09:58:15
[Sun Apr 07 17:24:03.950212 2024] [core:notice] [pid 10832:tid 472] AH00094: Command line: 'D:\\Documents\\laragon\\bin\\apache\\httpd-2.4.54-win64-VS16\\bin\\httpd -d D:/Documents/laragon/bin/apache/httpd-2.4.54-win64-VS16'
[Sun Apr 07 17:24:03.955667 2024] [mpm_winnt:notice] [pid 10832:tid 472] AH00418: Parent: Created child process 1612
[Sun Apr 07 17:24:04.772578 2024] [mpm_winnt:notice] [pid 1612:tid 476] AH00354: Child: Starting 64 worker threads.
[Mon Apr 08 09:21:27.239796 2024] [core:warn] [pid 12624:tid 496] AH00098: pid file D:/Documents/laragon/bin/apache/httpd-2.4.54-win64-VS16/logs/httpd.pid overwritten -- Unclean shutdown of previous Apache run?
[Mon Apr 08 09:21:28.154490 2024] [mpm_winnt:notice] [pid 12624:tid 496] AH00455: Apache/2.4.54 (Win64) OpenSSL/1.1.1p PHP/8.1.10 configured -- resuming normal operations
[Mon Apr 08 09:21:28.154490 2024] [mpm_winnt:notice] [pid 12624:tid 496] AH00456: Apache Lounge VS16 Server built: Jun 22 2022 09:58:15
[Mon Apr 08 09:21:28.154490 2024] [core:notice] [pid 12624:tid 496] AH00094: Command line: 'D:\\Documents\\laragon\\bin\\apache\\httpd-2.4.54-win64-VS16\\bin\\httpd -d D:/Documents/laragon/bin/apache/httpd-2.4.54-win64-VS16'
[Mon Apr 08 09:21:28.163368 2024] [mpm_winnt:notice] [pid 12624:tid 496] AH00418: Parent: Created child process 6580
[Mon Apr 08 09:21:30.089832 2024] [mpm_winnt:notice] [pid 6580:tid 476] AH00354: Child: Starting 64 worker threads.
[Fri Apr 12 14:18:50.308038 2024] [core:warn] [pid 9832:tid 472] AH00098: pid file D:/Documents/laragon/bin/apache/httpd-2.4.54-win64-VS16/logs/httpd.pid overwritten -- Unclean shutdown of previous Apache run?
[Fri Apr 12 14:18:51.035156 2024] [mpm_winnt:notice] [pid 9832:tid 472] AH00455: Apache/2.4.54 (Win64) OpenSSL/1.1.1p PHP/8.1.10 configured -- resuming normal operations
[Fri Apr 12 14:18:51.035652 2024] [mpm_winnt:notice] [pid 9832:tid 472] AH00456: Apache Lounge VS16 Server built: Jun 22 2022 09:58:15
[Fri Apr 12 14:18:51.035652 2024] [core:notice] [pid 9832:tid 472] AH00094: Command line: 'D:\\Documents\\laragon\\bin\\apache\\httpd-2.4.54-win64-VS16\\bin\\httpd -d D:/Documents/laragon/bin/apache/httpd-2.4.54-win64-VS16'
[Fri Apr 12 14:18:51.041604 2024] [mpm_winnt:notice] [pid 9832:tid 472] AH00418: Parent: Created child process 7304
Apache server interrupted...
024] [mpm_winnt:notice] [pid 7304:tid 476] AH00354: Child: Starting 64 worker threads.
[Fri Apr 12 14:42:06.301345 2024] [mpm_winnt:notice] [pid 9832:tid 472] AH00422: Parent: Received shutdown signal -- Shutting down the server.
[Fri Apr 12 14:42:08.323895 2024] [mpm_winnt:notice] [pid 7304:tid 476] AH00364: Child: All worker threads have exited.
[Mon Apr 15 00:58:40.735332 2024] [core:warn] [pid 9856:tid 472] AH00098: pid file D:/Documents/laragon/bin/apache/httpd-2.4.54-win64-VS16/logs/httpd.pid overwritten -- Unclean shutdown of previous Apache run?
[Mon Apr 15 00:58:40.847428 2024] [mpm_winnt:notice] [pid 9856:tid 472] AH00455: Apache/2.4.54 (Win64) OpenSSL/1.1.1p PHP/8.1.10 configured -- resuming normal operations
[Mon Apr 15 00:58:40.847428 2024] [mpm_winnt:notice] [pid 9856:tid 472] AH00456: Apache Lounge VS16 Server built: Jun 22 2022 09:58:15
[Mon Apr 15 00:58:40.847428 2024] [core:notice] [pid 9856:tid 472] AH00094: Command line: 'D:\\Documents\\laragon\\bin\\apache\\httpd-2.4.54-win64-VS16\\bin\\httpd -d D:/Documents/laragon/bin/apache/httpd-2.4.54-win64-VS16'
[Mon Apr 15 00:58:40.853380 2024] [mpm_winnt:notice] [pid 9856:tid 472] AH00418: Parent: Created child process 11396
Apache server interrupted...
024] [mpm_winnt:notice] [pid 11396:tid 496] AH00354: Child: Starting 64 worker threads.
[Mon Apr 15 02:11:52.525458 2024] [mpm_winnt:notice] [pid 9856:tid 472] AH00422: Parent: Received shutdown signal -- Shutting down the server.
[Mon Apr 15 02:11:54.548540 2024] [mpm_winnt:notice] [pid 11396:tid 496] AH00364: Child: All worker threads have exited.
[Mon Apr 15 02:13:46.481362 2024] [core:warn] [pid 13600:tid 472] AH00098: pid file D:/Documents/laragon/bin/apache/httpd-2.4.54-win64-VS16/logs/httpd.pid overwritten -- Unclean shutdown of previous Apache run?
[Mon Apr 15 02:13:47.210979 2024] [mpm_winnt:notice] [pid 13600:tid 472] AH00455: Apache/2.4.54 (Win64) OpenSSL/1.1.1p PHP/8.1.10 configured -- resuming normal operations
[Mon Apr 15 02:13:47.210979 2024] [mpm_winnt:notice] [pid 13600:tid 472] AH00456: Apache Lounge VS16 Server built: Jun 22 2022 09:58:15
[Mon Apr 15 02:13:47.210979 2024] [core:notice] [pid 13600:tid 472] AH00094: Command line: 'D:\\Documents\\laragon\\bin\\apache\\httpd-2.4.54-win64-VS16\\bin\\httpd -d D:/Documents/laragon/bin/apache/httpd-2.4.54-win64-VS16'
[Mon Apr 15 02:13:47.216930 2024] [mpm_winnt:notice] [pid 13600:tid 472] AH00418: Parent: Created child process 12728
Apache server interrupted...
024] [mpm_winnt:notice] [pid 12728:tid 476] AH00354: Child: Starting 64 worker threads.
[Mon Apr 15 02:14:37.444299 2024] [mpm_winnt:notice] [pid 13600:tid 472] AH00422: Parent: Received shutdown signal -- Shutting down the server.
[Mon Apr 15 02:14:39.458489 2024] [mpm_winnt:notice] [pid 12728:tid 476] AH00364: Child: All worker threads have exited.
[Mon Apr 15 08:19:46.482250 2024] [core:warn] [pid 15112:tid 472] AH00098: pid file D:/Documents/laragon/bin/apache/httpd-2.4.54-win64-VS16/logs/httpd.pid overwritten -- Unclean shutdown of previous Apache run?
[Mon Apr 15 08:19:46.685611 2024] [mpm_winnt:notice] [pid 15112:tid 472] AH00455: Apache/2.4.54 (Win64) OpenSSL/1.1.1p PHP/8.1.10 configured -- resuming normal operations
[Mon Apr 15 08:19:46.685611 2024] [mpm_winnt:notice] [pid 15112:tid 472] AH00456: Apache Lounge VS16 Server built: Jun 22 2022 09:58:15
[Mon Apr 15 08:19:46.685611 2024] [core:notice] [pid 15112:tid 472] AH00094: Command line: 'D:\\Documents\\laragon\\bin\\apache\\httpd-2.4.54-win64-VS16\\bin\\httpd -d D:/Documents/laragon/bin/apache/httpd-2.4.54-win64-VS16'
[Mon Apr 15 08:19:46.695037 2024] [mpm_winnt:notice] [pid 15112:tid 472] AH00418: Parent: Created child process 6160
Apache server interrupted...
024] [mpm_winnt:notice] [pid 6160:tid 512] AH00354: Child: Starting 64 worker threads.
[Mon Apr 15 08:21:43.122973 2024] [mpm_winnt:notice] [pid 15112:tid 472] AH00422: Parent: Received shutdown signal -- Shutting down the server.
[Mon Apr 15 08:21:45.198732 2024] [mpm_winnt:notice] [pid 6160:tid 512] AH00364: Child: All worker threads have exited.
[Mon Apr 15 09:39:42.846461 2024] [core:warn] [pid 1248:tid 500] AH00098: pid file D:/Documents/laragon/bin/apache/httpd-2.4.54-win64-VS16/logs/httpd.pid overwritten -- Unclean shutdown of previous Apache run?
[Mon Apr 15 09:39:42.911832 2024] [mpm_winnt:notice] [pid 1248:tid 500] AH00455: Apache/2.4.54 (Win64) OpenSSL/1.1.1p PHP/8.1.10 configured -- resuming normal operations
[Mon Apr 15 09:39:42.911832 2024] [mpm_winnt:notice] [pid 1248:tid 500] AH00456: Apache Lounge VS16 Server built: Jun 22 2022 09:58:15
[Mon Apr 15 09:39:42.911832 2024] [core:notice] [pid 1248:tid 500] AH00094: Command line: 'D:\\Documents\\laragon\\bin\\apache\\httpd-2.4.54-win64-VS16\\bin\\httpd -d D:/Documents/laragon/bin/apache/httpd-2.4.54-win64-VS16'
[Mon Apr 15 09:39:42.917288 2024] [mpm_winnt:notice] [pid 1248:tid 500] AH00418: Parent: Created child process 10428
Apache server interrupted...
024] [mpm_winnt:notice] [pid 10428:tid 484] AH00354: Child: Starting 64 worker threads.
[Mon Apr 15 10:15:01.236291 2024] [mpm_winnt:notice] [pid 1248:tid 500] AH00422: Parent: Received shutdown signal -- Shutting down the server.
[Mon Apr 15 10:15:03.288126 2024] [mpm_winnt:notice] [pid 10428:tid 484] AH00364: Child: All worker threads have exited.
[Mon Apr 15 13:14:38.325391 2024] [core:warn] [pid 7612:tid 476] AH00098: pid file D:/Documents/laragon/bin/apache/httpd-2.4.54-win64-VS16/logs/httpd.pid overwritten -- Unclean shutdown of previous Apache run?
[Mon Apr 15 13:14:38.420622 2024] [mpm_winnt:notice] [pid 7612:tid 476] AH00455: Apache/2.4.54 (Win64) OpenSSL/1.1.1p PHP/8.1.10 configured -- resuming normal operations
[Mon Apr 15 13:14:38.420622 2024] [mpm_winnt:notice] [pid 7612:tid 476] AH00456: Apache Lounge VS16 Server built: Jun 22 2022 09:58:15
[Mon Apr 15 13:14:38.420622 2024] [core:notice] [pid 7612:tid 476] AH00094: Command line: 'D:\\Documents\\laragon\\bin\\apache\\httpd-2.4.54-win64-VS16\\bin\\httpd -d D:/Documents/laragon/bin/apache/httpd-2.4.54-win64-VS16'
[Mon Apr 15 13:14:38.425582 2024] [mpm_winnt:notice] [pid 7612:tid 476] AH00418: Parent: Created child process 4340
Apache server interrupted...
024] [mpm_winnt:notice] [pid 4340:tid 492] AH00354: Child: Starting 64 worker threads.
[Mon Apr 15 13:17:06.080541 2024] [mpm_winnt:notice] [pid 7612:tid 476] AH00422: Parent: Received shutdown signal -- Shutting down the server.
[Mon Apr 15 13:17:22.148785 2024] [core:warn] [pid 10020:tid 476] AH00098: pid file D:/Documents/laragon/bin/apache/httpd-2.4.54-win64-VS16/logs/httpd.pid overwritten -- Unclean shutdown of previous Apache run?
[Mon Apr 15 13:17:22.207809 2024] [mpm_winnt:notice] [pid 10020:tid 476] AH00455: Apache/2.4.54 (Win64) OpenSSL/1.1.1p PHP/8.1.10 configured -- resuming normal operations
[Mon Apr 15 13:17:22.207809 2024] [mpm_winnt:notice] [pid 10020:tid 476] AH00456: Apache Lounge VS16 Server built: Jun 22 2022 09:58:15
[Mon Apr 15 13:17:22.207809 2024] [core:notice] [pid 10020:tid 476] AH00094: Command line: 'D:\\Documents\\laragon\\bin\\apache\\httpd-2.4.54-win64-VS16\\bin\\httpd -d D:/Documents/laragon/bin/apache/httpd-2.4.54-win64-VS16'
[Mon Apr 15 13:17:22.214258 2024] [mpm_winnt:notice] [pid 10020:tid 476] AH00418: Parent: Created child process 14080
Apache server interrupted...
024] [mpm_winnt:notice] [pid 14080:tid 480] AH00354: Child: Starting 64 worker threads.
[Mon Apr 15 13:17:45.833284 2024] [mpm_winnt:notice] [pid 10020:tid 476] AH00422: Parent: Received shutdown signal -- Shutting down the server.
[Mon Apr 15 13:17:47.853729 2024] [mpm_winnt:notice] [pid 14080:tid 480] AH00364: Child: All worker threads have exited.
[Mon Apr 15 14:07:41.211525 2024] [core:warn] [pid 1328:tid 492] AH00098: pid file D:/Documents/laragon/bin/apache/httpd-2.4.54-win64-VS16/logs/httpd.pid overwritten -- Unclean shutdown of previous Apache run?
[Mon Apr 15 14:07:41.282949 2024] [mpm_winnt:notice] [pid 1328:tid 492] AH00455: Apache/2.4.54 (Win64) OpenSSL/1.1.1p PHP/8.1.10 configured -- resuming normal operations
[Mon Apr 15 14:07:41.282949 2024] [mpm_winnt:notice] [pid 1328:tid 492] AH00456: Apache Lounge VS16 Server built: Jun 22 2022 09:58:15
[Mon Apr 15 14:07:41.282949 2024] [core:notice] [pid 1328:tid 492] AH00094: Command line: 'D:\\Documents\\laragon\\bin\\apache\\httpd-2.4.54-win64-VS16\\bin\\httpd -d D:/Documents/laragon/bin/apache/httpd-2.4.54-win64-VS16'
[Mon Apr 15 14:07:41.287414 2024] [mpm_winnt:notice] [pid 1328:tid 492] AH00418: Parent: Created child process 10372
[Mon Apr 15 14:07:42.036869 2024] [mpm_winnt:notice] [pid 10372:tid 476] AH00354: Child: Starting 64 worker threads.
[Thu Apr 18 17:20:46.542588 2024] [core:warn] [pid 8692:tid 504] AH00098: pid file D:/Documents/laragon/bin/apache/httpd-2.4.54-win64-VS16/logs/httpd.pid overwritten -- Unclean shutdown of previous Apache run?
[Thu Apr 18 17:20:47.285272 2024] [mpm_winnt:notice] [pid 8692:tid 504] AH00455: Apache/2.4.54 (Win64) OpenSSL/1.1.1p PHP/8.1.10 configured -- resuming normal operations
[Thu Apr 18 17:20:47.285272 2024] [mpm_winnt:notice] [pid 8692:tid 504] AH00456: Apache Lounge VS16 Server built: Jun 22 2022 09:58:15
[Thu Apr 18 17:20:47.285272 2024] [core:notice] [pid 8692:tid 504] AH00094: Command line: 'D:\\Documents\\laragon\\bin\\apache\\httpd-2.4.54-win64-VS16\\bin\\httpd -d D:/Documents/laragon/bin/apache/httpd-2.4.54-win64-VS16'
[Thu Apr 18 17:20:47.290725 2024] [mpm_winnt:notice] [pid 8692:tid 504] AH00418: Parent: Created child process 11868
Apache server interrupted...
024] [mpm_winnt:notice] [pid 11868:tid 484] AH00354: Child: Starting 64 worker threads.
[Thu Apr 18 18:27:44.716970 2024] [mpm_winnt:notice] [pid 8692:tid 504] AH00422: Parent: Received shutdown signal -- Shutting down the server.
[Thu Apr 18 18:27:46.743644 2024] [mpm_winnt:notice] [pid 11868:tid 484] AH00364: Child: All worker threads have exited.
